[0.019s] Invoking command in '/home/rahul/yolo_detect/yolo_ws/build/detection': CMAKE_PREFIX_PATH=${CMAKE_PREFIX_PATH}:/home/rahul/ws_moveit2/install/moveit_configs_utils:/home/rahul/ws_moveit2/install/launch_param_builder:/opt/ros/humble PS1=\[\e]0;\u@\h: \w\a\]${debian_chroot:+($debian_chroot)}\[\033[01;32m\]\u@\h\[\033[00m\]:\[\033[01;34m\]\w\[\033[00m\]\$ /usr/bin/cmake /home/rahul/yolo_detect/yolo_ws/src/detection -DCMAKE_INSTALL_PREFIX=/home/rahul/yolo_detect/yolo_ws/install/detection
[0.111s] -- The C compiler identification is GNU 11.4.0
[0.179s] -- The CXX compiler identification is GNU 11.4.0
[0.188s] -- Detecting C compiler ABI info
[0.293s] -- Detecting C compiler ABI info - done
[0.300s] -- Check for working C compiler: /usr/bin/cc - skipped
[0.300s] -- Detecting C compile features
[0.301s] -- Detecting C compile features - done
[0.303s] -- Detecting CXX compiler ABI info
[0.423s] -- Detecting CXX compiler ABI info - done
[0.430s] -- Check for working CXX compiler: /usr/bin/c++ - skipped
[0.430s] -- Detecting CXX compile features
[0.431s] -- Detecting CXX compile features - done
[0.441s] -- Found ament_cmake: 1.3.12 (/opt/ros/humble/share/ament_cmake/cmake)
[0.615s] -- Found Python3: /usr/bin/python3 (found version "3.10.12") found components: Interpreter 
[0.815s] -- Found rclcpp: 16.0.14 (/opt/ros/humble/share/rclcpp/cmake)
[0.938s] -- Found rosidl_generator_c: 3.1.7 (/opt/ros/humble/share/rosidl_generator_c/cmake)
[0.957s] -- Found rosidl_adapter: 3.1.7 (/opt/ros/humble/share/rosidl_adapter/cmake)
[0.979s] -- Found rosidl_generator_cpp: 3.1.7 (/opt/ros/humble/share/rosidl_generator_cpp/cmake)
[1.006s] -- Using all available rosidl_typesupport_c: rosidl_typesupport_fastrtps_c;rosidl_typesupport_introspection_c
[1.046s] -- Using all available rosidl_typesupport_cpp: rosidl_typesupport_fastrtps_cpp;rosidl_typesupport_introspection_cpp
[1.162s] -- Found rmw_implementation_cmake: 6.1.2 (/opt/ros/humble/share/rmw_implementation_cmake/cmake)
[1.174s] -- Found rmw_cyclonedds_cpp: 1.3.4 (/opt/ros/humble/share/rmw_cyclonedds_cpp/cmake)
[1.235s] -- Using RMW implementation 'rmw_cyclonedds_cpp' as default
[1.266s] -- Looking for pthread.h
[1.378s] -- Looking for pthread.h - found
[1.378s] -- Performing Test CMAKE_HAVE_LIBC_PTHREAD
[1.488s] -- Performing Test CMAKE_HAVE_LIBC_PTHREAD - Success
[1.489s] -- Found Threads: TRUE  
[1.573s] -- Found rclpy: 3.3.17 (/opt/ros/humble/share/rclpy/cmake)
[1.582s] -- Found tf2: 0.25.16 (/opt/ros/humble/share/tf2/cmake)
[1.627s] -- Found sensor_msgs: 4.9.0 (/opt/ros/humble/share/sensor_msgs/cmake)
[1.651s] -- Found ament_lint_auto: 0.12.14 (/opt/ros/humble/share/ament_lint_auto/cmake)
[1.813s] -- Added test 'flake8' to check Python code syntax and style conventions
[1.815s] -- Added test 'lint_cmake' to check CMake code style
[1.817s] -- Added test 'pep257' to check Python code against some of the docstring style conventions in PEP 257
[1.820s] -- Added test 'xmllint' to check XML markup files
[1.824s] -- Configuring done
[1.829s] -- Generating done
[1.831s] -- Build files have been written to: /home/rahul/yolo_detect/yolo_ws/build/detection
[1.840s] Invoked command in '/home/rahul/yolo_detect/yolo_ws/build/detection' returned '0': CMAKE_PREFIX_PATH=${CMAKE_PREFIX_PATH}:/home/rahul/ws_moveit2/install/moveit_configs_utils:/home/rahul/ws_moveit2/install/launch_param_builder:/opt/ros/humble PS1=\[\e]0;\u@\h: \w\a\]${debian_chroot:+($debian_chroot)}\[\033[01;32m\]\u@\h\[\033[00m\]:\[\033[01;34m\]\w\[\033[00m\]\$ /usr/bin/cmake /home/rahul/yolo_detect/yolo_ws/src/detection -DCMAKE_INSTALL_PREFIX=/home/rahul/yolo_detect/yolo_ws/install/detection
[1.841s] Invoking command in '/home/rahul/yolo_detect/yolo_ws/build/detection': CMAKE_PREFIX_PATH=${CMAKE_PREFIX_PATH}:/home/rahul/ws_moveit2/install/moveit_configs_utils:/home/rahul/ws_moveit2/install/launch_param_builder:/opt/ros/humble PS1=\[\e]0;\u@\h: \w\a\]${debian_chroot:+($debian_chroot)}\[\033[01;32m\]\u@\h\[\033[00m\]:\[\033[01;34m\]\w\[\033[00m\]\$ /usr/bin/cmake --build /home/rahul/yolo_detect/yolo_ws/build/detection -- -j12 -l12
[1.909s] Invoked command in '/home/rahul/yolo_detect/yolo_ws/build/detection' returned '0': CMAKE_PREFIX_PATH=${CMAKE_PREFIX_PATH}:/home/rahul/ws_moveit2/install/moveit_configs_utils:/home/rahul/ws_moveit2/install/launch_param_builder:/opt/ros/humble PS1=\[\e]0;\u@\h: \w\a\]${debian_chroot:+($debian_chroot)}\[\033[01;32m\]\u@\h\[\033[00m\]:\[\033[01;34m\]\w\[\033[00m\]\$ /usr/bin/cmake --build /home/rahul/yolo_detect/yolo_ws/build/detection -- -j12 -l12
[1.927s] Invoking command in '/home/rahul/yolo_detect/yolo_ws/build/detection': CMAKE_PREFIX_PATH=${CMAKE_PREFIX_PATH}:/home/rahul/ws_moveit2/install/moveit_configs_utils:/home/rahul/ws_moveit2/install/launch_param_builder:/opt/ros/humble PS1=\[\e]0;\u@\h: \w\a\]${debian_chroot:+($debian_chroot)}\[\033[01;32m\]\u@\h\[\033[00m\]:\[\033[01;34m\]\w\[\033[00m\]\$ /usr/bin/cmake --install /home/rahul/yolo_detect/yolo_ws/build/detection
[1.939s] -- Install configuration: ""
[1.939s] -- Installing: /home/rahul/yolo_detect/yolo_ws/install/detection/share/detection/config
[1.939s] -- Installing: /home/rahul/yolo_detect/yolo_ws/install/detection/share/detection/config/inertial_macros.xacro
[1.940s] -- Installing: /home/rahul/yolo_detect/yolo_ws/install/detection/share/detection/config/camera.xacro
[1.940s] -- Installing: /home/rahul/yolo_detect/yolo_ws/install/detection/share/detection/launch
[1.940s] -- Installing: /home/rahul/yolo_detect/yolo_ws/install/detection/share/detection/launch/rsp.launch.py
[1.940s] -- Installing: /home/rahul/yolo_detect/yolo_ws/install/detection/share/detection/launch/sim.launch.py
[1.940s] [31mCMake Error at cmake_install.cmake:46 (file):
[1.940s]   file INSTALL cannot find
[1.940s]   "/home/rahul/yolo_detect/yolo_ws/src/detection/world": No such file or
[1.941s]   directory.
[1.941s] 
[1.941s] [0m
[1.942s] Invoked command in '/home/rahul/yolo_detect/yolo_ws/build/detection' returned '1': CMAKE_PREFIX_PATH=${CMAKE_PREFIX_PATH}:/home/rahul/ws_moveit2/install/moveit_configs_utils:/home/rahul/ws_moveit2/install/launch_param_builder:/opt/ros/humble PS1=\[\e]0;\u@\h: \w\a\]${debian_chroot:+($debian_chroot)}\[\033[01;32m\]\u@\h\[\033[00m\]:\[\033[01;34m\]\w\[\033[00m\]\$ /usr/bin/cmake --install /home/rahul/yolo_detect/yolo_ws/build/detection
