-- Install configuration: ""
-- Up-to-date: /home/rahul/yolo_detect/yolo_ws/install/detection/share/detection/config
-- Up-to-date: /home/rahul/yolo_detect/yolo_ws/install/detection/share/detection/config/inertial_macros.xacro
-- Up-to-date: /home/rahul/yolo_detect/yolo_ws/install/detection/share/detection/config/camera.xacro
-- Up-to-date: /home/rahul/yolo_detect/yolo_ws/install/detection/share/detection/launch
-- Up-to-date: /home/rahul/yolo_detect/yolo_ws/install/detection/share/detection/launch/rsp.launch.py
-- Up-to-date: /home/rahul/yolo_detect/yolo_ws/install/detection/share/detection/launch/sim.launch.py
-- Up-to-date: /home/rahul/yolo_detect/yolo_ws/install/detection/share/ament_index/resource_index/package_run_dependencies/detection
-- Up-to-date: /home/rahul/yolo_detect/yolo_ws/install/detection/share/ament_index/resource_index/parent_prefix_path/detection
-- Up-to-date: /home/rahul/yolo_detect/yolo_ws/install/detection/share/detection/environment/ament_prefix_path.sh
-- Up-to-date: /home/rahul/yolo_detect/yolo_ws/install/detection/share/detection/environment/ament_prefix_path.dsv
-- Up-to-date: /home/rahul/yolo_detect/yolo_ws/install/detection/share/detection/environment/path.sh
-- Up-to-date: /home/rahul/yolo_detect/yolo_ws/install/detection/share/detection/environment/path.dsv
-- Up-to-date: /home/rahul/yolo_detect/yolo_ws/install/detection/share/detection/local_setup.bash
-- Up-to-date: /home/rahul/yolo_detect/yolo_ws/install/detection/share/detection/local_setup.sh
-- Up-to-date: /home/rahul/yolo_detect/yolo_ws/install/detection/share/detection/local_setup.zsh
-- Up-to-date: /home/rahul/yolo_detect/yolo_ws/install/detection/share/detection/local_setup.dsv
-- Installing: /home/rahul/yolo_detect/yolo_ws/install/detection/share/detection/package.dsv
-- Up-to-date: /home/rahul/yolo_detect/yolo_ws/install/detection/share/ament_index/resource_index/packages/detection
-- Up-to-date: /home/rahul/yolo_detect/yolo_ws/install/detection/share/detection/cmake/detectionConfig.cmake
-- Up-to-date: /home/rahul/yolo_detect/yolo_ws/install/detection/share/detection/cmake/detectionConfig-version.cmake
-- Up-to-date: /home/rahul/yolo_detect/yolo_ws/install/detection/share/detection/package.xml
