[0.026s] Invoking command in '/home/rahul/yolo_detect/yolo_ws/build/detection': CMAKE_PREFIX_PATH=${CMAKE_PREFIX_PATH}:/home/rahul/ws_moveit2/install/moveit_configs_utils:/home/rahul/ws_moveit2/install/launch_param_builder:/opt/ros/humble /usr/bin/cmake --build /home/rahul/yolo_detect/yolo_ws/build/detection -- -j12 -l12
[0.168s] Invoked command in '/home/rahul/yolo_detect/yolo_ws/build/detection' returned '0': CMAKE_PREFIX_PATH=${CMAKE_PREFIX_PATH}:/home/rahul/ws_moveit2/install/moveit_configs_utils:/home/rahul/ws_moveit2/install/launch_param_builder:/opt/ros/humble /usr/bin/cmake --build /home/rahul/yolo_detect/yolo_ws/build/detection -- -j12 -l12
[0.187s] Invoking command in '/home/rahul/yolo_detect/yolo_ws/build/detection': CMAKE_PREFIX_PATH=${CMAKE_PREFIX_PATH}:/home/rahul/ws_moveit2/install/moveit_configs_utils:/home/rahul/ws_moveit2/install/launch_param_builder:/opt/ros/humble /usr/bin/cmake --install /home/rahul/yolo_detect/yolo_ws/build/detection
[0.201s] -- Install configuration: ""
[0.201s] -- Up-to-date: /home/rahul/yolo_detect/yolo_ws/install/detection/share/detection/config
[0.201s] -- Up-to-date: /home/rahul/yolo_detect/yolo_ws/install/detection/share/detection/config/inertial_macros.xacro
[0.201s] -- Up-to-date: /home/rahul/yolo_detect/yolo_ws/install/detection/share/detection/config/camera.xacro
[0.201s] -- Up-to-date: /home/rahul/yolo_detect/yolo_ws/install/detection/share/detection/launch
[0.201s] -- Up-to-date: /home/rahul/yolo_detect/yolo_ws/install/detection/share/detection/launch/rsp.launch.py
[0.201s] -- Up-to-date: /home/rahul/yolo_detect/yolo_ws/install/detection/share/detection/launch/sim.launch.py
[0.201s] -- Up-to-date: /home/rahul/yolo_detect/yolo_ws/install/detection/share/ament_index/resource_index/package_run_dependencies/detection
[0.202s] -- Up-to-date: /home/rahul/yolo_detect/yolo_ws/install/detection/share/ament_index/resource_index/parent_prefix_path/detection
[0.202s] -- Up-to-date: /home/rahul/yolo_detect/yolo_ws/install/detection/share/detection/environment/ament_prefix_path.sh
[0.202s] -- Up-to-date: /home/rahul/yolo_detect/yolo_ws/install/detection/share/detection/environment/ament_prefix_path.dsv
[0.202s] -- Up-to-date: /home/rahul/yolo_detect/yolo_ws/install/detection/share/detection/environment/path.sh
[0.202s] -- Up-to-date: /home/rahul/yolo_detect/yolo_ws/install/detection/share/detection/environment/path.dsv
[0.202s] -- Up-to-date: /home/rahul/yolo_detect/yolo_ws/install/detection/share/detection/local_setup.bash
[0.202s] -- Up-to-date: /home/rahul/yolo_detect/yolo_ws/install/detection/share/detection/local_setup.sh
[0.202s] -- Up-to-date: /home/rahul/yolo_detect/yolo_ws/install/detection/share/detection/local_setup.zsh
[0.202s] -- Up-to-date: /home/rahul/yolo_detect/yolo_ws/install/detection/share/detection/local_setup.dsv
[0.202s] -- Installing: /home/rahul/yolo_detect/yolo_ws/install/detection/share/detection/package.dsv
[0.204s] -- Up-to-date: /home/rahul/yolo_detect/yolo_ws/install/detection/share/ament_index/resource_index/packages/detection
[0.204s] -- Up-to-date: /home/rahul/yolo_detect/yolo_ws/install/detection/share/detection/cmake/detectionConfig.cmake
[0.204s] -- Up-to-date: /home/rahul/yolo_detect/yolo_ws/install/detection/share/detection/cmake/detectionConfig-version.cmake
[0.204s] -- Up-to-date: /home/rahul/yolo_detect/yolo_ws/install/detection/share/detection/package.xml
[0.208s] Invoked command in '/home/rahul/yolo_detect/yolo_ws/build/detection' returned '0': CMAKE_PREFIX_PATH=${CMAKE_PREFIX_PATH}:/home/rahul/ws_moveit2/install/moveit_configs_utils:/home/rahul/ws_moveit2/install/launch_param_builder:/opt/ros/humble /usr/bin/cmake --install /home/rahul/yolo_detect/yolo_ws/build/detection
