[0.127s] DEBUG:colcon:Command line arguments: ['/usr/bin/colcon', 'build']
[0.128s] DEBUG:colcon:Parsed command line arguments: Namespace(log_base=None, log_level=None, verb_name='build', build_base='build', install_base='install', merge_install=False, symlink_install=False, test_result_base=None, continue_on_error=False, executor='parallel', parallel_workers=12, event_handlers=None, ignore_user_meta=False, metas=['./colcon.meta'], base_paths=['.'], packages_ignore=None, packages_ignore_regex=None, paths=None, packages_up_to=None, packages_up_to_regex=None, packages_above=None, packages_above_and_dependencies=None, packages_above_depth=None, packages_select_by_dep=None, packages_skip_by_dep=None, packages_skip_up_to=None, packages_select_build_failed=False, packages_skip_build_finished=False, packages_select_test_failures=False, packages_skip_test_passed=False, packages_select=None, packages_skip=None, packages_select_regex=None, packages_skip_regex=None, packages_start=None, packages_end=None, allow_overriding=[], cmake_args=None, cmake_target=None, cmake_target_skip_unavailable=False, cmake_clean_cache=False, cmake_clean_first=False, cmake_force_configure=False, ament_cmake_args=None, catkin_cmake_args=None, catkin_skip_building_tests=False, mixin_files=None, mixin=None, verb_parser=<colcon_mixin.mixin.mixin_argument.MixinArgumentDecorator object at 0x7843b5da6560>, verb_extension=<colcon_core.verb.build.BuildVerb object at 0x7843b5e8bbe0>, main=<bound method BuildVerb.main of <colcon_core.verb.build.BuildVerb object at 0x7843b5e8bbe0>>, mixin_verb=('build',))
[0.360s] Level 1:colcon.colcon_core.package_discovery:discover_packages(colcon_meta) check parameters
[0.361s] Level 1:colcon.colcon_core.package_discovery:discover_packages(recursive) check parameters
[0.361s] Level 1:colcon.colcon_core.package_discovery:discover_packages(ignore) check parameters
[0.361s] Level 1:colcon.colcon_core.package_discovery:discover_packages(path) check parameters
[0.361s] Level 1:colcon.colcon_core.package_discovery:discover_packages(colcon_meta) discover
[0.361s] Level 1:colcon.colcon_core.package_discovery:discover_packages(recursive) discover
[0.361s] INFO:colcon.colcon_core.package_discovery:Crawling recursively for packages in '/home/rahul/yolo_detect/yolo_ws'
[0.361s] Level 1:colcon.colcon_core.package_identification:_identify(.) by extensions ['ignore', 'ignore_ament_install']
[0.361s] Level 1:colcon.colcon_core.package_identification:_identify(.) by extension 'ignore'
[0.361s] Level 1:colcon.colcon_core.package_identification:_identify(.) by extension 'ignore_ament_install'
[0.361s] Level 1:colcon.colcon_core.package_identification:_identify(.) by extensions ['colcon_pkg']
[0.361s] Level 1:colcon.colcon_core.package_identification:_identify(.) by extension 'colcon_pkg'
[0.361s] Level 1:colcon.colcon_core.package_identification:_identify(.) by extensions ['colcon_meta']
[0.361s] Level 1:colcon.colcon_core.package_identification:_identify(.) by extension 'colcon_meta'
[0.361s] Level 1:colcon.colcon_core.package_identification:_identify(.) by extensions ['ros']
[0.361s] Level 1:colcon.colcon_core.package_identification:_identify(.) by extension 'ros'
[0.385s] Level 1:colcon.colcon_core.package_identification:_identify(.) by extensions ['cmake', 'python']
[0.385s] Level 1:colcon.colcon_core.package_identification:_identify(.) by extension 'cmake'
[0.385s] Level 1:colcon.colcon_core.package_identification:_identify(.) by extension 'python'
[0.385s] Level 1:colcon.colcon_core.package_identification:_identify(.) by extensions ['python_setup_py']
[0.385s] Level 1:colcon.colcon_core.package_identification:_identify(.) by extension 'python_setup_py'
[0.386s] Level 1:colcon.colcon_core.package_identification:_identify(build) by extensions ['ignore', 'ignore_ament_install']
[0.386s] Level 1:colcon.colcon_core.package_identification:_identify(build) by extension 'ignore'
[0.386s] Level 1:colcon.colcon_core.package_identification:_identify(build) ignored
[0.386s] Level 1:colcon.colcon_core.package_identification:_identify(install) by extensions ['ignore', 'ignore_ament_install']
[0.386s] Level 1:colcon.colcon_core.package_identification:_identify(install) by extension 'ignore'
[0.386s] Level 1:colcon.colcon_core.package_identification:_identify(install) ignored
[0.386s] Level 1:colcon.colcon_core.package_identification:_identify(log) by extensions ['ignore', 'ignore_ament_install']
[0.386s] Level 1:colcon.colcon_core.package_identification:_identify(log) by extension 'ignore'
[0.386s] Level 1:colcon.colcon_core.package_identification:_identify(log) ignored
[0.386s] Level 1:colcon.colcon_core.package_identification:_identify(src) by extensions ['ignore', 'ignore_ament_install']
[0.386s] Level 1:colcon.colcon_core.package_identification:_identify(src) by extension 'ignore'
[0.386s] Level 1:colcon.colcon_core.package_identification:_identify(src) by extension 'ignore_ament_install'
[0.386s] Level 1:colcon.colcon_core.package_identification:_identify(src) by extensions ['colcon_pkg']
[0.386s] Level 1:colcon.colcon_core.package_identification:_identify(src) by extension 'colcon_pkg'
[0.386s] Level 1:colcon.colcon_core.package_identification:_identify(src) by extensions ['colcon_meta']
[0.386s] Level 1:colcon.colcon_core.package_identification:_identify(src) by extension 'colcon_meta'
[0.386s] Level 1:colcon.colcon_core.package_identification:_identify(src) by extensions ['ros']
[0.386s] Level 1:colcon.colcon_core.package_identification:_identify(src) by extension 'ros'
[0.387s] Level 1:colcon.colcon_core.package_identification:_identify(src) by extensions ['cmake', 'python']
[0.387s] Level 1:colcon.colcon_core.package_identification:_identify(src) by extension 'cmake'
[0.387s] Level 1:colcon.colcon_core.package_identification:_identify(src) by extension 'python'
[0.387s] Level 1:colcon.colcon_core.package_identification:_identify(src) by extensions ['python_setup_py']
[0.387s] Level 1:colcon.colcon_core.package_identification:_identify(src) by extension 'python_setup_py'
[0.387s] Level 1:colcon.colcon_core.package_identification:_identify(src/detection) by extensions ['ignore', 'ignore_ament_install']
[0.387s] Level 1:colcon.colcon_core.package_identification:_identify(src/detection) by extension 'ignore'
[0.387s] Level 1:colcon.colcon_core.package_identification:_identify(src/detection) by extension 'ignore_ament_install'
[0.387s] Level 1:colcon.colcon_core.package_identification:_identify(src/detection) by extensions ['colcon_pkg']
[0.387s] Level 1:colcon.colcon_core.package_identification:_identify(src/detection) by extension 'colcon_pkg'
[0.387s] Level 1:colcon.colcon_core.package_identification:_identify(src/detection) by extensions ['colcon_meta']
[0.387s] Level 1:colcon.colcon_core.package_identification:_identify(src/detection) by extension 'colcon_meta'
[0.387s] Level 1:colcon.colcon_core.package_identification:_identify(src/detection) by extensions ['ros']
[0.387s] Level 1:colcon.colcon_core.package_identification:_identify(src/detection) by extension 'ros'
[0.402s] DEBUG:colcon.colcon_core.package_identification:Package 'src/detection' with type 'ros.ament_cmake' and name 'detection'
[0.402s] Level 1:colcon.colcon_core.package_discovery:discover_packages(recursive) using defaults
[0.402s] Level 1:colcon.colcon_core.package_discovery:discover_packages(ignore) discover
[0.402s] Level 1:colcon.colcon_core.package_discovery:discover_packages(ignore) using defaults
[0.402s] Level 1:colcon.colcon_core.package_discovery:discover_packages(path) discover
[0.402s] Level 1:colcon.colcon_core.package_discovery:discover_packages(path) using defaults
[0.424s] Level 1:colcon.colcon_core.package_discovery:discover_packages(prefix_path) check parameters
[0.424s] Level 1:colcon.colcon_core.package_discovery:discover_packages(prefix_path) discover
[0.429s] DEBUG:colcon.colcon_installed_package_information.package_discovery:Found 55 installed packages in /home/rahul/ws_moveit2/install
[0.431s] DEBUG:colcon.colcon_installed_package_information.package_discovery:Found 560 installed packages in /opt/ros/humble
[0.436s] Level 1:colcon.colcon_core.package_discovery:discover_packages(prefix_path) using defaults
[0.504s] Level 5:colcon.colcon_core.verb:set package 'detection' build argument 'cmake_args' from command line to 'None'
[0.504s] Level 5:colcon.colcon_core.verb:set package 'detection' build argument 'cmake_target' from command line to 'None'
[0.504s] Level 5:colcon.colcon_core.verb:set package 'detection' build argument 'cmake_target_skip_unavailable' from command line to 'False'
[0.504s] Level 5:colcon.colcon_core.verb:set package 'detection' build argument 'cmake_clean_cache' from command line to 'False'
[0.504s] Level 5:colcon.colcon_core.verb:set package 'detection' build argument 'cmake_clean_first' from command line to 'False'
[0.504s] Level 5:colcon.colcon_core.verb:set package 'detection' build argument 'cmake_force_configure' from command line to 'False'
[0.504s] Level 5:colcon.colcon_core.verb:set package 'detection' build argument 'ament_cmake_args' from command line to 'None'
[0.504s] Level 5:colcon.colcon_core.verb:set package 'detection' build argument 'catkin_cmake_args' from command line to 'None'
[0.504s] Level 5:colcon.colcon_core.verb:set package 'detection' build argument 'catkin_skip_building_tests' from command line to 'False'
[0.504s] DEBUG:colcon.colcon_core.verb:Building package 'detection' with the following arguments: {'ament_cmake_args': None, 'build_base': '/home/rahul/yolo_detect/yolo_ws/build/detection', 'catkin_cmake_args': None, 'catkin_skip_building_tests': False, 'cmake_args': None, 'cmake_clean_cache': False, 'cmake_clean_first': False, 'cmake_force_configure': False, 'cmake_target': None, 'cmake_target_skip_unavailable': False, 'install_base': '/home/rahul/yolo_detect/yolo_ws/install/detection', 'merge_install': False, 'path': '/home/rahul/yolo_detect/yolo_ws/src/detection', 'symlink_install': False, 'test_result_base': None}
[0.504s] INFO:colcon.colcon_core.executor:Executing jobs using 'parallel' executor
[0.506s] DEBUG:colcon.colcon_parallel_executor.executor.parallel:run_until_complete
[0.506s] INFO:colcon.colcon_ros.task.ament_cmake.build:Building ROS package in '/home/rahul/yolo_detect/yolo_ws/src/detection' with build type 'ament_cmake'
[0.506s] INFO:colcon.colcon_cmake.task.cmake.build:Building CMake package in '/home/rahul/yolo_detect/yolo_ws/src/detection'
[0.508s] INFO:colcon.colcon_core.plugin_system:Skipping extension 'colcon_core.shell.bat': Not used on non-Windows systems
[0.508s] INFO:colcon.colcon_core.shell:Skip shell extension 'powershell' for command environment: Not usable outside of PowerShell
[0.508s] DEBUG:colcon.colcon_core.shell:Skip shell extension 'dsv' for command environment
[0.532s] DEBUG:colcon.colcon_core.event_handler.log_command:Invoking command in '/home/rahul/yolo_detect/yolo_ws/build/detection': CMAKE_PREFIX_PATH=${CMAKE_PREFIX_PATH}:/home/rahul/ws_moveit2/install/moveit_configs_utils:/home/rahul/ws_moveit2/install/launch_param_builder:/opt/ros/humble /usr/bin/cmake --build /home/rahul/yolo_detect/yolo_ws/build/detection -- -j12 -l12
[0.675s] DEBUG:colcon.colcon_core.event_handler.log_command:Invoked command in '/home/rahul/yolo_detect/yolo_ws/build/detection' returned '0': CMAKE_PREFIX_PATH=${CMAKE_PREFIX_PATH}:/home/rahul/ws_moveit2/install/moveit_configs_utils:/home/rahul/ws_moveit2/install/launch_param_builder:/opt/ros/humble /usr/bin/cmake --build /home/rahul/yolo_detect/yolo_ws/build/detection -- -j12 -l12
[0.694s] DEBUG:colcon.colcon_core.event_handler.log_command:Invoking command in '/home/rahul/yolo_detect/yolo_ws/build/detection': CMAKE_PREFIX_PATH=${CMAKE_PREFIX_PATH}:/home/rahul/ws_moveit2/install/moveit_configs_utils:/home/rahul/ws_moveit2/install/launch_param_builder:/opt/ros/humble /usr/bin/cmake --install /home/rahul/yolo_detect/yolo_ws/build/detection
[0.714s] Level 1:colcon.colcon_core.environment:create_environment_scripts_only(detection)
[0.714s] DEBUG:colcon.colcon_core.event_handler.log_command:Invoked command in '/home/rahul/yolo_detect/yolo_ws/build/detection' returned '0': CMAKE_PREFIX_PATH=${CMAKE_PREFIX_PATH}:/home/rahul/ws_moveit2/install/moveit_configs_utils:/home/rahul/ws_moveit2/install/launch_param_builder:/opt/ros/humble /usr/bin/cmake --install /home/rahul/yolo_detect/yolo_ws/build/detection
[0.720s] Level 1:colcon.colcon_core.environment:checking '/home/rahul/yolo_detect/yolo_ws/install/detection' for CMake module files
[0.721s] Level 1:colcon.colcon_core.environment:checking '/home/rahul/yolo_detect/yolo_ws/install/detection' for CMake config files
[0.722s] Level 1:colcon.colcon_core.shell:create_environment_hook('detection', 'cmake_prefix_path')
[0.723s] INFO:colcon.colcon_core.shell:Creating environment hook '/home/rahul/yolo_detect/yolo_ws/install/detection/share/detection/hook/cmake_prefix_path.ps1'
[0.723s] INFO:colcon.colcon_core.shell:Creating environment descriptor '/home/rahul/yolo_detect/yolo_ws/install/detection/share/detection/hook/cmake_prefix_path.dsv'
[0.724s] INFO:colcon.colcon_core.shell:Creating environment hook '/home/rahul/yolo_detect/yolo_ws/install/detection/share/detection/hook/cmake_prefix_path.sh'
[0.725s] Level 1:colcon.colcon_core.environment:checking '/home/rahul/yolo_detect/yolo_ws/install/detection/bin'
[0.725s] Level 1:colcon.colcon_core.environment:checking '/home/rahul/yolo_detect/yolo_ws/install/detection/lib/pkgconfig/detection.pc'
[0.726s] Level 1:colcon.colcon_core.environment:checking '/home/rahul/yolo_detect/yolo_ws/install/detection/lib/python3.10/site-packages'
[0.726s] Level 1:colcon.colcon_core.environment:checking '/home/rahul/yolo_detect/yolo_ws/install/detection/bin'
[0.726s] INFO:colcon.colcon_core.shell:Creating package script '/home/rahul/yolo_detect/yolo_ws/install/detection/share/detection/package.ps1'
[0.727s] INFO:colcon.colcon_core.shell:Creating package descriptor '/home/rahul/yolo_detect/yolo_ws/install/detection/share/detection/package.dsv'
[0.728s] INFO:colcon.colcon_core.shell:Creating package script '/home/rahul/yolo_detect/yolo_ws/install/detection/share/detection/package.sh'
[0.728s] INFO:colcon.colcon_core.shell:Creating package script '/home/rahul/yolo_detect/yolo_ws/install/detection/share/detection/package.bash'
[0.729s] INFO:colcon.colcon_core.shell:Creating package script '/home/rahul/yolo_detect/yolo_ws/install/detection/share/detection/package.zsh'
[0.730s] Level 1:colcon.colcon_core.environment:create_file_with_runtime_dependencies(/home/rahul/yolo_detect/yolo_ws/install/detection/share/colcon-core/packages/detection)
[0.730s] Level 1:colcon.colcon_core.environment:create_environment_scripts_only(detection)
[0.731s] Level 1:colcon.colcon_core.environment:checking '/home/rahul/yolo_detect/yolo_ws/install/detection' for CMake module files
[0.731s] Level 1:colcon.colcon_core.environment:checking '/home/rahul/yolo_detect/yolo_ws/install/detection' for CMake config files
[0.731s] Level 1:colcon.colcon_core.shell:create_environment_hook('detection', 'cmake_prefix_path')
[0.732s] INFO:colcon.colcon_core.shell:Creating environment hook '/home/rahul/yolo_detect/yolo_ws/install/detection/share/detection/hook/cmake_prefix_path.ps1'
[0.732s] INFO:colcon.colcon_core.shell:Creating environment descriptor '/home/rahul/yolo_detect/yolo_ws/install/detection/share/detection/hook/cmake_prefix_path.dsv'
[0.732s] INFO:colcon.colcon_core.shell:Creating environment hook '/home/rahul/yolo_detect/yolo_ws/install/detection/share/detection/hook/cmake_prefix_path.sh'
[0.733s] Level 1:colcon.colcon_core.environment:checking '/home/rahul/yolo_detect/yolo_ws/install/detection/bin'
[0.733s] Level 1:colcon.colcon_core.environment:checking '/home/rahul/yolo_detect/yolo_ws/install/detection/lib/pkgconfig/detection.pc'
[0.733s] Level 1:colcon.colcon_core.environment:checking '/home/rahul/yolo_detect/yolo_ws/install/detection/lib/python3.10/site-packages'
[0.733s] Level 1:colcon.colcon_core.environment:checking '/home/rahul/yolo_detect/yolo_ws/install/detection/bin'
[0.733s] INFO:colcon.colcon_core.shell:Creating package script '/home/rahul/yolo_detect/yolo_ws/install/detection/share/detection/package.ps1'
[0.734s] INFO:colcon.colcon_core.shell:Creating package descriptor '/home/rahul/yolo_detect/yolo_ws/install/detection/share/detection/package.dsv'
[0.734s] INFO:colcon.colcon_core.shell:Creating package script '/home/rahul/yolo_detect/yolo_ws/install/detection/share/detection/package.sh'
[0.735s] INFO:colcon.colcon_core.shell:Creating package script '/home/rahul/yolo_detect/yolo_ws/install/detection/share/detection/package.bash'
[0.735s] INFO:colcon.colcon_core.shell:Creating package script '/home/rahul/yolo_detect/yolo_ws/install/detection/share/detection/package.zsh'
[0.735s] Level 1:colcon.colcon_core.environment:create_file_with_runtime_dependencies(/home/rahul/yolo_detect/yolo_ws/install/detection/share/colcon-core/packages/detection)
[0.736s] DEBUG:colcon.colcon_parallel_executor.executor.parallel:closing loop
[0.736s] DEBUG:colcon.colcon_parallel_executor.executor.parallel:loop closed
[0.736s] DEBUG:colcon.colcon_parallel_executor.executor.parallel:run_until_complete finished with '0'
[0.736s] DEBUG:colcon.colcon_core.event_reactor:joining thread
[0.744s] INFO:colcon.colcon_core.plugin_system:Skipping extension 'colcon_notification.desktop_notification.terminal_notifier': Not used on non-Darwin systems
[0.744s] INFO:colcon.colcon_core.plugin_system:Skipping extension 'colcon_notification.desktop_notification.win32': Not used on non-Windows systems
[0.744s] INFO:colcon.colcon_notification.desktop_notification:Sending desktop notification using 'notify2'
[0.758s] DEBUG:colcon.colcon_core.event_reactor:joined thread
[0.759s] INFO:colcon.colcon_core.shell:Creating prefix script '/home/rahul/yolo_detect/yolo_ws/install/local_setup.ps1'
[0.760s] INFO:colcon.colcon_core.shell:Creating prefix util module '/home/rahul/yolo_detect/yolo_ws/install/_local_setup_util_ps1.py'
[0.761s] INFO:colcon.colcon_core.shell:Creating prefix chain script '/home/rahul/yolo_detect/yolo_ws/install/setup.ps1'
[0.766s] INFO:colcon.colcon_core.shell:Creating prefix script '/home/rahul/yolo_detect/yolo_ws/install/local_setup.sh'
[0.767s] INFO:colcon.colcon_core.shell:Creating prefix util module '/home/rahul/yolo_detect/yolo_ws/install/_local_setup_util_sh.py'
[0.768s] INFO:colcon.colcon_core.shell:Creating prefix chain script '/home/rahul/yolo_detect/yolo_ws/install/setup.sh'
[0.773s] INFO:colcon.colcon_core.shell:Creating prefix script '/home/rahul/yolo_detect/yolo_ws/install/local_setup.bash'
[0.774s] INFO:colcon.colcon_core.shell:Creating prefix chain script '/home/rahul/yolo_detect/yolo_ws/install/setup.bash'
[0.778s] INFO:colcon.colcon_core.shell:Creating prefix script '/home/rahul/yolo_detect/yolo_ws/install/local_setup.zsh'
[0.778s] INFO:colcon.colcon_core.shell:Creating prefix chain script '/home/rahul/yolo_detect/yolo_ws/install/setup.zsh'
