[0.018s] Invoking command in '/home/rahul/yolo_detect/yolo_ws/build/detection': CMAKE_PREFIX_PATH=${CMAKE_PREFIX_PATH}:/home/rahul/ws_moveit2/install/moveit_configs_utils:/home/rahul/ws_moveit2/install/launch_param_builder:/opt/ros/humble PS1=\[\e]0;\u@\h: \w\a\]${debian_chroot:+($debian_chroot)}\[\033[01;32m\]\u@\h\[\033[00m\]:\[\033[01;34m\]\w\[\033[00m\]\$ /usr/bin/cmake --build /home/rahul/yolo_detect/yolo_ws/build/detection -- -j12 -l12
[0.055s] -- Found ament_cmake: 1.3.12 (/opt/ros/humble/share/ament_cmake/cmake)
[0.180s] -- Found rclcpp: 16.0.14 (/opt/ros/humble/share/rclcpp/cmake)
[0.210s] -- Found rosidl_generator_c: 3.1.7 (/opt/ros/humble/share/rosidl_generator_c/cmake)
[0.212s] -- Found rosidl_adapter: 3.1.7 (/opt/ros/humble/share/rosidl_adapter/cmake)
[0.217s] -- Found rosidl_generator_cpp: 3.1.7 (/opt/ros/humble/share/rosidl_generator_cpp/cmake)
[0.228s] -- Using all available rosidl_typesupport_c: rosidl_typesupport_fastrtps_c;rosidl_typesupport_introspection_c
[0.241s] -- Using all available rosidl_typesupport_cpp: rosidl_typesupport_fastrtps_cpp;rosidl_typesupport_introspection_cpp
[0.273s] -- Found rmw_implementation_cmake: 6.1.2 (/opt/ros/humble/share/rmw_implementation_cmake/cmake)
[0.276s] -- Found rmw_cyclonedds_cpp: 1.3.4 (/opt/ros/humble/share/rmw_cyclonedds_cpp/cmake)
[0.294s] -- Using RMW implementation 'rmw_cyclonedds_cpp' as default
[0.337s] -- Found rclpy: 3.3.17 (/opt/ros/humble/share/rclpy/cmake)
[0.337s] -- Found tf2: 0.25.16 (/opt/ros/humble/share/tf2/cmake)
[0.353s] -- Found sensor_msgs: 4.9.0 (/opt/ros/humble/share/sensor_msgs/cmake)
[0.367s] -- Found ament_lint_auto: 0.12.14 (/opt/ros/humble/share/ament_lint_auto/cmake)
[0.453s] -- Added test 'flake8' to check Python code syntax and style conventions
[0.454s] -- Added test 'lint_cmake' to check CMake code style
[0.454s] -- Added test 'pep257' to check Python code against some of the docstring style conventions in PEP 257
[0.455s] -- Added test 'xmllint' to check XML markup files
[0.456s] -- Configuring done
[0.460s] -- Generating done
[0.463s] -- Build files have been written to: /home/rahul/yolo_detect/yolo_ws/build/detection
[0.503s] Invoked command in '/home/rahul/yolo_detect/yolo_ws/build/detection' returned '0': CMAKE_PREFIX_PATH=${CMAKE_PREFIX_PATH}:/home/rahul/ws_moveit2/install/moveit_configs_utils:/home/rahul/ws_moveit2/install/launch_param_builder:/opt/ros/humble PS1=\[\e]0;\u@\h: \w\a\]${debian_chroot:+($debian_chroot)}\[\033[01;32m\]\u@\h\[\033[00m\]:\[\033[01;34m\]\w\[\033[00m\]\$ /usr/bin/cmake --build /home/rahul/yolo_detect/yolo_ws/build/detection -- -j12 -l12
[0.518s] Invoking command in '/home/rahul/yolo_detect/yolo_ws/build/detection': CMAKE_PREFIX_PATH=${CMAKE_PREFIX_PATH}:/home/rahul/ws_moveit2/install/moveit_configs_utils:/home/rahul/ws_moveit2/install/launch_param_builder:/opt/ros/humble PS1=\[\e]0;\u@\h: \w\a\]${debian_chroot:+($debian_chroot)}\[\033[01;32m\]\u@\h\[\033[00m\]:\[\033[01;34m\]\w\[\033[00m\]\$ /usr/bin/cmake --install /home/rahul/yolo_detect/yolo_ws/build/detection
[0.532s] -- Install configuration: ""
[0.532s] -- Up-to-date: /home/rahul/yolo_detect/yolo_ws/install/detection/share/detection/config
[0.532s] -- Up-to-date: /home/rahul/yolo_detect/yolo_ws/install/detection/share/detection/config/inertial_macros.xacro
[0.532s] -- Up-to-date: /home/rahul/yolo_detect/yolo_ws/install/detection/share/detection/config/camera.xacro
[0.532s] -- Up-to-date: /home/rahul/yolo_detect/yolo_ws/install/detection/share/detection/launch
[0.532s] -- Up-to-date: /home/rahul/yolo_detect/yolo_ws/install/detection/share/detection/launch/rsp.launch.py
[0.532s] -- Up-to-date: /home/rahul/yolo_detect/yolo_ws/install/detection/share/detection/launch/sim.launch.py
[0.532s] -- Installing: /home/rahul/yolo_detect/yolo_ws/install/detection/share/ament_index/resource_index/package_run_dependencies/detection
[0.532s] -- Installing: /home/rahul/yolo_detect/yolo_ws/install/detection/share/ament_index/resource_index/parent_prefix_path/detection
[0.533s] -- Installing: /home/rahul/yolo_detect/yolo_ws/install/detection/share/detection/environment/ament_prefix_path.sh
[0.533s] -- Installing: /home/rahul/yolo_detect/yolo_ws/install/detection/share/detection/environment/ament_prefix_path.dsv
[0.533s] -- Installing: /home/rahul/yolo_detect/yolo_ws/install/detection/share/detection/environment/path.sh
[0.533s] -- Installing: /home/rahul/yolo_detect/yolo_ws/install/detection/share/detection/environment/path.dsv
[0.533s] -- Installing: /home/rahul/yolo_detect/yolo_ws/install/detection/share/detection/local_setup.bash
[0.533s] -- Installing: /home/rahul/yolo_detect/yolo_ws/install/detection/share/detection/local_setup.sh
[0.533s] -- Installing: /home/rahul/yolo_detect/yolo_ws/install/detection/share/detection/local_setup.zsh
[0.533s] -- Installing: /home/rahul/yolo_detect/yolo_ws/install/detection/share/detection/local_setup.dsv
[0.533s] -- Installing: /home/rahul/yolo_detect/yolo_ws/install/detection/share/detection/package.dsv
[0.533s] -- Installing: /home/rahul/yolo_detect/yolo_ws/install/detection/share/ament_index/resource_index/packages/detection
[0.533s] -- Installing: /home/rahul/yolo_detect/yolo_ws/install/detection/share/detection/cmake/detectionConfig.cmake
[0.534s] -- Installing: /home/rahul/yolo_detect/yolo_ws/install/detection/share/detection/cmake/detectionConfig-version.cmake
[0.534s] -- Installing: /home/rahul/yolo_detect/yolo_ws/install/detection/share/detection/package.xml
[0.536s] Invoked command in '/home/rahul/yolo_detect/yolo_ws/build/detection' returned '0': CMAKE_PREFIX_PATH=${CMAKE_PREFIX_PATH}:/home/rahul/ws_moveit2/install/moveit_configs_utils:/home/rahul/ws_moveit2/install/launch_param_builder:/opt/ros/humble PS1=\[\e]0;\u@\h: \w\a\]${debian_chroot:+($debian_chroot)}\[\033[01;32m\]\u@\h\[\033[00m\]:\[\033[01;34m\]\w\[\033[00m\]\$ /usr/bin/cmake --install /home/rahul/yolo_detect/yolo_ws/build/detection
